# JRE version: Java(TM) SE Runtime Environment (8.0_172-b11) (build 1.8.0_172-b11)
# Java VM: Java HotSpot(TM) 64-Bit Server VM (25.172-b11 mixed mode windows-amd64 compressed oops)
Heap:
 PSYoungGen      total 256512K, used 121775K [0x00000000eab00000, 0x00000000ffa00000, 0x0000000100000000)
  eden space 217088K, 38% used [0x00000000eab00000,0x00000000efba0130,0x00000000f7f00000)
  from space 39424K, 99% used [0x00000000fd380000,0x00000000ff9cbc18,0x00000000ffa00000)
  to   space 50688K, 0% used [0x00000000f9700000,0x00000000f9700000,0x00000000fc880000)
 ParOldGen       total 122368K, used 76120K [0x00000000c0000000, 0x00000000c7780000, 0x00000000eab00000)
  object space 122368K, 62% used [0x00000000c0000000,0x00000000c4a56028,0x00000000c7780000)
 Metaspace       used 6687K, capacity 7256K, committed 7424K, reserved 1056768K
  class space    used 638K, capacity 656K, committed 768K, reserved 1048576K
GC Heap History (10 events):
Event: 12.759 GC heap before
{Heap before GC invocations=7 (full 0):
 PSYoungGen      total 108032K, used 108025K [0x00000000eab00000, 0x00000000f2a00000, 0x0000000100000000)
  eden space 93696K, 100% used [0x00000000eab00000,0x00000000f0680000,0x00000000f0680000)
  from space 14336K, 99% used [0x00000000f1700000,0x00000000f24fe790,0x00000000f2500000)
  to   space 16896K, 0% used [0x00000000f0680000,0x00000000f0680000,0x00000000f1700000)
 ParOldGen       total 62976K, used 24521K [0x00000000c0000000, 0x00000000c3d80000, 0x00000000eab00000)
  object space 62976K, 38% used [0x00000000c0000000,0x00000000c17f27c0,0x00000000c3d80000)
 Metaspace       used 6496K, capacity 7128K, committed 7424K, reserved 1056768K
  class space    used 626K, capacity 656K, committed 768K, reserved 1048576K
Event: 13.104 GC heap after
Heap after GC invocations=7 (full 0):
 PSYoungGen      total 110592K, used 16874K [0x00000000eab00000, 0x00000000f9400000, 0x0000000100000000)
  eden space 93696K, 0% used [0x00000000eab00000,0x00000000eab00000,0x00000000f0680000)
  from space 16896K, 99% used [0x00000000f0680000,0x00000000f16faae0,0x00000000f1700000)
  to   space 25600K, 0% used [0x00000000f7b00000,0x00000000f7b00000,0x00000000f9400000)
 ParOldGen       total 62976K, used 36625K [0x00000000c0000000, 0x00000000c3d80000, 0x00000000eab00000)
  object space 62976K, 58% used [0x00000000c0000000,0x00000000c23c4408,0x00000000c3d80000)
 Metaspace       used 6496K, capacity 7128K, committed 7424K, reserved 1056768K
  class space    used 626K, capacity 656K, committed 768K, reserved 1048576K
}
Event: 16.588 GC heap before
{Heap before GC invocations=8 (full 0):
 PSYoungGen      total 110592K, used 110570K [0x00000000eab00000, 0x00000000f9400000, 0x0000000100000000)
  eden space 93696K, 100% used [0x00000000eab00000,0x00000000f0680000,0x00000000f0680000)
  from space 16896K, 99% used [0x00000000f0680000,0x00000000f16faae0,0x00000000f1700000)
  to   space 25600K, 0% used [0x00000000f7b00000,0x00000000f7b00000,0x00000000f9400000)
 ParOldGen       total 62976K, used 36625K [0x00000000c0000000, 0x00000000c3d80000, 0x00000000eab00000)
  object space 62976K, 58% used [0x00000000c0000000,0x00000000c23c4408,0x00000000c3d80000)
 Metaspace       used 6623K, capacity 7256K, committed 7424K, reserved 1056768K
  class space    used 638K, capacity 656K, committed 768K, reserved 1048576K
Event: 16.914 GC heap after
Heap after GC invocations=8 (full 0):
 PSYoungGen      total 206848K, used 25570K [0x00000000eab00000, 0x00000000fa000000, 0x0000000100000000)
  eden space 181248K, 0% used [0x00000000eab00000,0x00000000eab00000,0x00000000f5c00000)
  from space 25600K, 99% used [0x00000000f7b00000,0x00000000f93f89b0,0x00000000f9400000)
  to   space 31744K, 0% used [0x00000000f5c00000,0x00000000f5c00000,0x00000000f7b00000)
 ParOldGen       total 62976K, used 40256K [0x00000000c0000000, 0x00000000c3d80000, 0x00000000eab00000)
  object space 62976K, 63% used [0x00000000c0000000,0x00000000c2750228,0x00000000c3d80000)
 Metaspace       used 6623K, capacity 7256K, committed 7424K, reserved 1056768K
  class space    used 638K, capacity 656K, committed 768K, reserved 1048576K
}
Event: 22.986 GC heap before
{Heap before GC invocations=9 (full 0):
 PSYoungGen      total 206848K, used 206818K [0x00000000eab00000, 0x00000000fa000000, 0x0000000100000000)
  eden space 181248K, 100% used [0x00000000eab00000,0x00000000f5c00000,0x00000000f5c00000)
  from space 25600K, 99% used [0x00000000f7b00000,0x00000000f93f89b0,0x00000000f9400000)
  to   space 31744K, 0% used [0x00000000f5c00000,0x00000000f5c00000,0x00000000f7b00000)
 ParOldGen       total 62976K, used 40256K [0x00000000c0000000, 0x00000000c3d80000, 0x00000000eab00000)
  object space 62976K, 63% used [0x00000000c0000000,0x00000000c2750228,0x00000000c3d80000)
 Metaspace       used 6663K, capacity 7256K, committed 7424K, reserved 1056768K
  class space    used 638K, capacity 656K, committed 768K, reserved 1048576K
Event: 23.267 GC heap after
Heap after GC invocations=9 (full 0):
 PSYoungGen      total 212992K, used 31724K [0x00000000eab00000, 0x0000000100000000, 0x0000000100000000)
  eden space 181248K, 0% used [0x00000000eab00000,0x00000000eab00000,0x00000000f5c00000)
  from space 31744K, 99% used [0x00000000f5c00000,0x00000000f7afb2c0,0x00000000f7b00000)
  to   space 45568K, 0% used [0x00000000fd380000,0x00000000fd380000,0x0000000100000000)
 ParOldGen       total 62976K, used 62156K [0x00000000c0000000, 0x00000000c3d80000, 0x00000000eab00000)
  object space 62976K, 98% used [0x00000000c0000000,0x00000000c3cb3248,0x00000000c3d80000)
 Metaspace       used 6663K, capacity 7256K, committed 7424K, reserved 1056768K
  class space    used 638K, capacity 656K, committed 768K, reserved 1048576K
}
Event: 23.267 GC heap before
{Heap before GC invocations=10 (full 1):
 PSYoungGen      total 212992K, used 31724K [0x00000000eab00000, 0x0000000100000000, 0x0000000100000000)
  eden space 181248K, 0% used [0x00000000eab00000,0x00000000eab00000,0x00000000f5c00000)
  from space 31744K, 99% used [0x00000000f5c00000,0x00000000f7afb2c0,0x00000000f7b00000)
  to   space 45568K, 0% used [0x00000000fd380000,0x00000000fd380000,0x0000000100000000)
 ParOldGen       total 62976K, used 62156K [0x00000000c0000000, 0x00000000c3d80000, 0x00000000eab00000)
  object space 62976K, 98% used [0x00000000c0000000,0x00000000c3cb3248,0x00000000c3d80000)
 Metaspace       used 6663K, capacity 7256K, committed 7424K, reserved 1056768K
  class space    used 638K, capacity 656K, committed 768K, reserved 1048576K
Event: 27.038 GC heap after
Heap after GC invocations=10 (full 1):
 PSYoungGen      total 212992K, used 25495K [0x00000000eab00000, 0x0000000100000000, 0x0000000100000000)
  eden space 181248K, 0% used [0x00000000eab00000,0x00000000eab00000,0x00000000f5c00000)
  from space 31744K, 80% used [0x00000000f5c00000,0x00000000f74e5c38,0x00000000f7b00000)
  to   space 45568K, 0% used [0x00000000fd380000,0x00000000fd380000,0x0000000100000000)
 ParOldGen       total 122368K, used 62960K [0x00000000c0000000, 0x00000000c7780000, 0x00000000eab00000)
  object space 122368K, 51% used [0x00000000c0000000,0x00000000c3d7c380,0x00000000c7780000)
 Metaspace       used 6663K, capacity 7256K, committed 7424K, reserved 1056768K
  class space    used 638K, capacity 656K, committed 768K, reserved 1048576K
}
Event: 32.564 GC heap before
{Heap before GC invocations=11 (full 1):
 PSYoungGen      total 212992K, used 206743K [0x00000000eab00000, 0x0000000100000000, 0x0000000100000000)
  eden space 181248K, 100% used [0x00000000eab00000,0x00000000f5c00000,0x00000000f5c00000)
  from space 31744K, 80% used [0x00000000f5c00000,0x00000000f74e5c38,0x00000000f7b00000)
  to   space 45568K, 0% used [0x00000000fd380000,0x00000000fd380000,0x0000000100000000)
 ParOldGen       total 122368K, used 62960K [0x00000000c0000000, 0x00000000c7780000, 0x00000000eab00000)
  object space 122368K, 51% used [0x00000000c0000000,0x00000000c3d7c380,0x00000000c7780000)
 Metaspace       used 6679K, capacity 7256K, committed 7424K, reserved 1056768K
  class space    used 638K, capacity 656K, committed 768K, reserved 1048576K
Event: 33.203 GC heap after
Heap after GC invocations=11 (full 1):
 PSYoungGen      total 256512K, used 39215K [0x00000000eab00000, 0x00000000ffa00000, 0x0000000100000000)
  eden space 217088K, 0% used [0x00000000eab00000,0x00000000eab00000,0x00000000f7f00000)
  from space 39424K, 99% used [0x00000000fd380000,0x00000000ff9cbc18,0x00000000ffa00000)
  to   space 50688K, 0% used [0x00000000f9700000,0x00000000f9700000,0x00000000fc880000)
 ParOldGen       total 122368K, used 76120K [0x00000000c0000000, 0x00000000c7780000, 0x00000000eab00000)
  object space 122368K, 62% used [0x00000000c0000000,0x00000000c4a56028,0x00000000c7780000)
 Metaspace       used 6679K, capacity 7256K, committed 7424K, reserved 1056768K
  class space    used 638K, capacity 656K, committed 768K, reserved 1048576K
}

